#
# There is insufficient memory for the Java Runtime Environment to continue.
# Native memory allocation (malloc) failed to allocate 1561616 bytes for Chunk::new
# Possible reasons:
#   The system is out of physical RAM or swap space
#   The process is running with CompressedOops enabled, and the Java Heap may be blocking the growth of the native heap
# Possible solutions:
#   Reduce memory load on the system
#   Increase physical memory or swap space
#   Check if swap backing store is full
#   Decrease Java heap size (-Xmx/-Xms)
#   Decrease number of Java threads
#   Decrease Java thread stack sizes (-Xss)
#   Set larger code cache with -XX:ReservedCodeCacheSize=
#   JVM is running with Unscaled Compressed Oops mode in which the Java heap is
#     placed in the first 4GB address space. The Java Heap base address is the
#     maximum limit for the native heap growth. Please use -XX:HeapBaseMinAddress
#     to set the Java Heap base and to place the Java Heap above 4GB virtual address.
# This output file may be truncated or incomplete.
#
#  Out of Memory Error (arena.cpp:184), pid=9648, tid=12796
#
# JRE version: OpenJDK Runtime Environment Corretto-18.0.2.9.1 (18.0.2+9) (build 18.0.2+9-FR)
# Java VM: OpenJDK 64-Bit Server VM Corretto-18.0.2.9.1 (18.0.2+9-FR, mixed mode, sharing, tiered, compressed oops, compressed class ptrs, g1 gc, windows-amd64)
# No core dump will be written. Minidumps are not enabled by default on client versions of Windows
#

---------------  S U M M A R Y ------------

Command Line: -Djline.terminal=jline.UnsupportedTerminal -Dsbt.log.noformat=true -Dfile.encoding=UTF-8 -Didea.managed=true -Dfile.encoding=UTF-8 -Didea.installation.dir=C:\Program Files\JetBrains\IntelliJ IDEA Community Edition 2023.1.1 C:/Users/VM_IR_Admin/AppData/Roaming/JetBrains/IdeaIC2023.1/plugins/Scala/launcher/sbt-launch.jar

Host: Intel(R) Xeon(R) Platinum 8272CL CPU @ 2.60GHz, 2 cores, 7G,  Windows 10 , 64 bit Build 19041 (10.0.19041.2788)
Time: Sun Apr 30 22:45:55 2023 India Standard Time elapsed time: 21.623789 seconds (0d 0h 0m 21s)

---------------  T H R E A D  ---------------

Current thread (0x00000119c6cf73d0):  JavaThread "C2 CompilerThread0" daemon [_thread_in_native, id=12796, stack(0x0000000b40f00000,0x0000000b41000000)]


Current CompileTask:
C2:  21623 10560       4       scala.reflect.internal.Symbols$TypeSymbol::maybeUpdateTypeCache (46 bytes)

Stack: [0x0000000b40f00000,0x0000000b41000000]
Native frames: (J=compiled Java code, j=interpreted, Vv=VM code, C=native code)
V  [jvm.dll+0x685a2a]
V  [jvm.dll+0x82ae8d]
V  [jvm.dll+0x82c75e]
V  [jvm.dll+0x82ce03]
V  [jvm.dll+0x25ef4b]
V  [jvm.dll+0xd42d2]
V  [jvm.dll+0xd4665]
V  [jvm.dll+0x385751]
V  [jvm.dll+0x34d82a]
V  [jvm.dll+0x34cc1a]
V  [jvm.dll+0x233a65]
V  [jvm.dll+0x232f37]
V  [jvm.dll+0x1c0a35]
V  [jvm.dll+0x24212c]
V  [jvm.dll+0x240534]
V  [jvm.dll+0x7df6db]
V  [jvm.dll+0x7d9cba]
V  [jvm.dll+0x6848a5]
C  [ucrtbase.dll+0x21bb2]
C  [KERNEL32.DLL+0x17604]
C  [ntdll.dll+0x526a1]


---------------  P R O C E S S  ---------------

Threads class SMR info:
_java_thread_list=0x00000119d0dcbc30, length=32, elements={
0x00000119a93e81e0, 0x00000119c6cdc2d0, 0x00000119c6cdcc70, 0x00000119c6cf2a10,
0x00000119c6cf53c0, 0x00000119c6cf5d60, 0x00000119c6cf6700, 0x00000119c6cf73d0,
0x00000119c6d45a00, 0x00000119c6d67760, 0x00000119cb080ec0, 0x00000119cb085600,
0x00000119cb4487d0, 0x00000119cbb29780, 0x00000119cbb733a0, 0x00000119cbb75550,
0x00000119cc9a0ef0, 0x00000119cc9a13c0, 0x00000119d0df1bc0, 0x00000119d0defee0,
0x00000119d0df0880, 0x00000119d0df38a0, 0x00000119d0df0d50, 0x00000119d0def070,
0x00000119d0df3d70, 0x00000119d0df1220, 0x00000119d0df63f0, 0x00000119d0df5a50,
0x00000119d0df5580, 0x00000119d0df16f0, 0x00000119d0df2090, 0x00000119d0df03b0
}

Java Threads: ( => current thread )
  0x00000119a93e81e0 JavaThread "main" [_thread_in_Java, id=12940, stack(0x0000000b40200000,0x0000000b40300000)]
  0x00000119c6cdc2d0 JavaThread "Reference Handler" daemon [_thread_blocked, id=6392, stack(0x0000000b40900000,0x0000000b40a00000)]
  0x00000119c6cdcc70 JavaThread "Finalizer" daemon [_thread_blocked, id=4656, stack(0x0000000b40a00000,0x0000000b40b00000)]
  0x00000119c6cf2a10 JavaThread "Signal Dispatcher" daemon [_thread_blocked, id=7448, stack(0x0000000b40b00000,0x0000000b40c00000)]
  0x00000119c6cf53c0 JavaThread "Attach Listener" daemon [_thread_blocked, id=10636, stack(0x0000000b40c00000,0x0000000b40d00000)]
  0x00000119c6cf5d60 JavaThread "Service Thread" daemon [_thread_blocked, id=6060, stack(0x0000000b40d00000,0x0000000b40e00000)]
  0x00000119c6cf6700 JavaThread "Monitor Deflation Thread" daemon [_thread_blocked, id=13200, stack(0x0000000b40e00000,0x0000000b40f00000)]
=>0x00000119c6cf73d0 JavaThread "C2 CompilerThread0" daemon [_thread_in_native, id=12796, stack(0x0000000b40f00000,0x0000000b41000000)]
  0x00000119c6d45a00 JavaThread "C1 CompilerThread0" daemon [_thread_blocked, id=12904, stack(0x0000000b41000000,0x0000000b41100000)]
  0x00000119c6d67760 JavaThread "Sweeper thread" daemon [_thread_blocked, id=9400, stack(0x0000000b41100000,0x0000000b41200000)]
  0x00000119cb080ec0 JavaThread "Notification Thread" daemon [_thread_blocked, id=13108, stack(0x0000000b41200000,0x0000000b41300000)]
  0x00000119cb085600 JavaThread "Common-Cleaner" daemon [_thread_blocked, id=11816, stack(0x0000000b41400000,0x0000000b41500000)]
  0x00000119cb4487d0 JavaThread "pool-1-thread-1" [_thread_blocked, id=1692, stack(0x0000000b41600000,0x0000000b41700000)]
  0x00000119cbb29780 JavaThread "JNA Cleaner" daemon [_thread_blocked, id=172, stack(0x0000000b41800000,0x0000000b41900000)]
  0x00000119cbb733a0 JavaThread "classloader-cache-cleanup-0" daemon [_thread_blocked, id=2440, stack(0x0000000b41a00000,0x0000000b41b00000)]
  0x00000119cbb75550 JavaThread "sbt-command-exchange-fastTrack" daemon [_thread_blocked, id=7564, stack(0x0000000b41b00000,0x0000000b41c00000)]
  0x00000119cc9a0ef0 JavaThread "scala-execution-context-global-22" daemon [_thread_blocked, id=12440, stack(0x0000000b41700000,0x0000000b41800000)]
  0x00000119cc9a13c0 JavaThread "scala-execution-context-global-23" daemon [_thread_blocked, id=12336, stack(0x0000000b41d00000,0x0000000b41e00000)]
  0x00000119d0df1bc0 JavaThread "FileSystemWatchService" daemon [_thread_in_native, id=12176, stack(0x0000000b41f00000,0x0000000b42000000)]
  0x00000119d0defee0 JavaThread "NioPathWatcher-loop-thread-1" daemon [_thread_blocked, id=2876, stack(0x0000000b42000000,0x0000000b42100000)]
  0x00000119d0df0880 JavaThread "com.swoval.files.SymlinkWather.callback-executor-1" [_thread_blocked, id=12056, stack(0x0000000b42200000,0x0000000b42300000)]
  0x00000119d0df38a0 JavaThread "FileTreeRepository-callback-executor-1" [_thread_blocked, id=3968, stack(0x0000000b42300000,0x0000000b42400000)]
  0x00000119d0df0d50 JavaThread "FileSystemWatchService" daemon [_thread_in_native, id=3356, stack(0x0000000b42400000,0x0000000b42500000)]
  0x00000119d0def070 JavaThread "NioPathWatcher-loop-thread-2" daemon [_thread_blocked, id=8964, stack(0x0000000b42500000,0x0000000b42600000)]
  0x00000119d0df3d70 JavaThread "FileSystemWatchService" daemon [_thread_in_native, id=356, stack(0x0000000b42600000,0x0000000b42700000)]
  0x00000119d0df1220 JavaThread "NioPathWatcher-loop-thread-3" daemon [_thread_blocked, id=6788, stack(0x0000000b42700000,0x0000000b42800000)]
  0x00000119d0df63f0 JavaThread "com.swoval.files.SymlinkWather.callback-executor-1" [_thread_blocked, id=11744, stack(0x0000000b42800000,0x0000000b42900000)]
  0x00000119d0df5a50 JavaThread "FileTreeRepository-callback-executor-1" [_thread_blocked, id=11204, stack(0x0000000b42900000,0x0000000b42a00000)]
  0x00000119d0df5580 JavaThread "FileSystemWatchService" daemon [_thread_in_native, id=13192, stack(0x0000000b42a00000,0x0000000b42b00000)]
  0x00000119d0df16f0 JavaThread "NioPathWatcher-loop-thread-4" daemon [_thread_in_Java, id=13172, stack(0x0000000b42b00000,0x0000000b42c00000)]
  0x00000119d0df2090 JavaThread "sbt-socket-server" [_thread_in_native, id=4360, stack(0x0000000b41e00000,0x0000000b41f00000)]
  0x00000119d0df03b0 JavaThread "dumb non blocking reader thread" daemon [_thread_blocked, id=3568, stack(0x0000000b41900000,0x0000000b41a00000)]

Other Threads:
  0x00000119c6cd5c90 VMThread "VM Thread" [stack: 0x0000000b40800000,0x0000000b40900000] [id=5416]
  0x00000119cb081380 WatcherThread "VM Periodic Task Thread" [stack: 0x0000000b41300000,0x0000000b41400000] [id=4456]
  0x00000119a9445680 WorkerThread "GC Thread#0" [stack: 0x0000000b40300000,0x0000000b40400000] [id=12452]
  0x00000119cb234140 WorkerThread "GC Thread#1" [stack: 0x0000000b41500000,0x0000000b41600000] [id=5628]
  0x00000119a94575c0 ConcurrentGCThread "G1 Main Marker" [stack: 0x0000000b40400000,0x0000000b40500000] [id=11540]
  0x00000119a9457fb0 WorkerThread "G1 Conc#0" [stack: 0x0000000b40500000,0x0000000b40600000] [id=11420]
  0x00000119a948bca0 ConcurrentGCThread "G1 Refine#0" [stack: 0x0000000b40600000,0x0000000b40700000] [id=2656]
  0x00000119cbdba470 ConcurrentGCThread "G1 Refine#1" [stack: 0x0000000b41c00000,0x0000000b41d00000] [id=12652]
  0x00000119a948c5b0 ConcurrentGCThread "G1 Service" [stack: 0x0000000b40700000,0x0000000b40800000] [id=4232]

Threads with active compile tasks:
C2 CompilerThread0    21662 10560       4       scala.reflect.internal.Symbols$TypeSymbol::maybeUpdateTypeCache (46 bytes)

VM state: not at safepoint (normal execution)

VM Mutex/Monitor currently owned by a thread: None

Heap address: 0x0000000080000000, size: 2048 MB, Compressed Oops mode: 32-bit

CDS archive(s) mapped at: [0x0000000800000000-0x0000000800ba0000-0x0000000800ba0000), size 12189696, SharedBaseAddress: 0x0000000800000000, ArchiveRelocationMode: 0.
Compressed class space mapped at: 0x0000000800c00000-0x0000000840c00000, reserved size: 1073741824
Narrow klass base: 0x0000000800000000, Narrow klass shift: 0, Narrow klass range: 0x100000000

GC Precious Log:
 CardTable entry size: 512
 Card Set container configuration: InlinePtr #cards 5 size 8 Array Of Cards #cards 12 size 40 Howl #buckets 4 coarsen threshold 1843 Howl Bitmap #cards 512 size 80 coarsen threshold 460 Card regions per heap region 1 cards per card region 2048
 CPUs: 2 total, 2 available
 Memory: 8190M
 Large Page Support: Disabled
 NUMA Support: Disabled
 Compressed Oops: Enabled (32-bit)
 Heap Region Size: 1M
 Heap Min Capacity: 8M
 Heap Initial Capacity: 128M
 Heap Max Capacity: 2G
 Pre-touch: Disabled
 Parallel Workers: 2
 Concurrent Workers: 1
 Concurrent Refinement Workers: 2
 Periodic GC: Disabled

Heap:
 garbage-first heap   total 197632K, used 133285K [0x0000000080000000, 0x0000000100000000)
  region size 1024K, 83 young (84992K), 11 survivors (11264K)
 Metaspace       used 83830K, committed 84480K, reserved 1179648K
  class space    used 11056K, committed 11328K, reserved 1048576K

Heap Regions: E=young(eden), S=young(survivor), O=old, HS=humongous(starts), HC=humongous(continues), CS=collection set, F=free, OA=open archive, CA=closed archive, TAMS=top-at-mark-start (previous, next)
|   0|0x0000000080000000, 0x0000000080100000, 0x0000000080100000|100%| O|  |TAMS 0x0000000080100000, 0x0000000080100000| Untracked 
|   1|0x0000000080100000, 0x0000000080200000, 0x0000000080200000|100%| O|  |TAMS 0x0000000080200000, 0x0000000080200000| Untracked 
|   2|0x0000000080200000, 0x0000000080300000, 0x0000000080300000|100%| O|  |TAMS 0x0000000080300000, 0x0000000080300000| Untracked 
|   3|0x0000000080300000, 0x0000000080400000, 0x0000000080400000|100%| O|  |TAMS 0x0000000080400000, 0x0000000080400000| Untracked 
|   4|0x0000000080400000, 0x0000000080500000, 0x0000000080500000|100%| O|  |TAMS 0x0000000080500000, 0x0000000080500000| Untracked 
|   5|0x0000000080500000, 0x0000000080600000, 0x0000000080600000|100%| O|  |TAMS 0x0000000080600000, 0x0000000080600000| Untracked 
|   6|0x0000000080600000, 0x0000000080700000, 0x0000000080700000|100%| O|  |TAMS 0x0000000080700000, 0x0000000080700000| Untracked 
|   7|0x0000000080700000, 0x0000000080800000, 0x0000000080800000|100%| O|  |TAMS 0x0000000080800000, 0x0000000080800000| Untracked 
|   8|0x0000000080800000, 0x0000000080900000, 0x0000000080900000|100%| O|  |TAMS 0x0000000080900000, 0x0000000080900000| Untracked 
|   9|0x0000000080900000, 0x0000000080a00000, 0x0000000080a00000|100%| O|  |TAMS 0x0000000080a00000, 0x0000000080a00000| Untracked 
|  10|0x0000000080a00000, 0x0000000080a29600, 0x0000000080b00000| 16%| O|  |TAMS 0x0000000080a29600, 0x0000000080a29600| Untracked 
|  11|0x0000000080b00000, 0x0000000080c00000, 0x0000000080c00000|100%| O|  |TAMS 0x0000000080c00000, 0x0000000080c00000| Untracked 
|  12|0x0000000080c00000, 0x0000000080d00000, 0x0000000080d00000|100%| O|  |TAMS 0x0000000080d00000, 0x0000000080d00000| Untracked 
|  13|0x0000000080d00000, 0x0000000080e00000, 0x0000000080e00000|100%| O|  |TAMS 0x0000000080e00000, 0x0000000080e00000| Untracked 
|  14|0x0000000080e00000, 0x0000000080f00000, 0x0000000080f00000|100%| O|  |TAMS 0x0000000080f00000, 0x0000000080f00000| Untracked 
|  15|0x0000000080f00000, 0x0000000081000000, 0x0000000081000000|100%| O|  |TAMS 0x0000000081000000, 0x0000000081000000| Untracked 
|  16|0x0000000081000000, 0x0000000081100000, 0x0000000081100000|100%| O|  |TAMS 0x0000000081100000, 0x0000000081100000| Untracked 
|  17|0x0000000081100000, 0x0000000081200000, 0x0000000081200000|100%| O|  |TAMS 0x0000000081200000, 0x0000000081200000| Untracked 
|  18|0x0000000081200000, 0x0000000081300000, 0x0000000081300000|100%| O|  |TAMS 0x0000000081300000, 0x0000000081300000| Untracked 
|  19|0x0000000081300000, 0x0000000081400000, 0x0000000081400000|100%| O|  |TAMS 0x0000000081400000, 0x0000000081400000| Untracked 
|  20|0x0000000081400000, 0x0000000081500000, 0x0000000081500000|100%| O|  |TAMS 0x0000000081500000, 0x0000000081500000| Untracked 
|  21|0x0000000081500000, 0x0000000081600000, 0x0000000081600000|100%| O|  |TAMS 0x00000000815f4a00, 0x0000000081600000| Untracked 
|  22|0x0000000081600000, 0x0000000081700000, 0x0000000081700000|100%| O|  |TAMS 0x0000000081600000, 0x0000000081600000| Untracked 
|  23|0x0000000081700000, 0x0000000081800000, 0x0000000081800000|100%| O|  |TAMS 0x0000000081700000, 0x0000000081700000| Untracked 
|  24|0x0000000081800000, 0x0000000081900000, 0x0000000081900000|100%| O|  |TAMS 0x0000000081800000, 0x0000000081800000| Untracked 
|  25|0x0000000081900000, 0x0000000081a00000, 0x0000000081a00000|100%| O|  |TAMS 0x0000000081900000, 0x0000000081900000| Untracked 
|  26|0x0000000081a00000, 0x0000000081b00000, 0x0000000081b00000|100%| O|  |TAMS 0x0000000081a00000, 0x0000000081afee00| Untracked 
|  27|0x0000000081b00000, 0x0000000081c00000, 0x0000000081c00000|100%| O|  |TAMS 0x0000000081b00000, 0x0000000081b00000| Untracked 
|  28|0x0000000081c00000, 0x0000000081d00000, 0x0000000081d00000|100%| O|  |TAMS 0x0000000081c00000, 0x0000000081c00000| Untracked 
|  29|0x0000000081d00000, 0x0000000081e00000, 0x0000000081e00000|100%| O|  |TAMS 0x0000000081d00000, 0x0000000081d00000| Untracked 
|  30|0x0000000081e00000, 0x0000000081f00000, 0x0000000081f00000|100%| O|  |TAMS 0x0000000081e00000, 0x0000000081e00000| Untracked 
|  31|0x0000000081f00000, 0x0000000082000000, 0x0000000082000000|100%| O|  |TAMS 0x0000000081f00000, 0x0000000081f00000| Untracked 
|  32|0x0000000082000000, 0x0000000082100000, 0x0000000082100000|100%| O|  |TAMS 0x0000000082000000, 0x0000000082000000| Untracked 
|  33|0x0000000082100000, 0x0000000082200000, 0x0000000082200000|100%| O|  |TAMS 0x0000000082100000, 0x0000000082100000| Untracked 
|  34|0x0000000082200000, 0x0000000082300000, 0x0000000082300000|100%| O|  |TAMS 0x0000000082200000, 0x0000000082200000| Untracked 
|  35|0x0000000082300000, 0x0000000082400000, 0x0000000082400000|100%| O|  |TAMS 0x0000000082300000, 0x0000000082300000| Untracked 
|  36|0x0000000082400000, 0x0000000082480000, 0x0000000082500000| 50%| O|  |TAMS 0x0000000082400000, 0x0000000082400000| Untracked 
|  37|0x0000000082500000, 0x0000000082600000, 0x0000000082600000|100%|HS|  |TAMS 0x0000000082500000, 0x0000000082500000| Complete 
|  38|0x0000000082600000, 0x0000000082600000, 0x0000000082700000|  0%| F|  |TAMS 0x0000000082600000, 0x0000000082600000| Untracked 
|  39|0x0000000082700000, 0x0000000082700000, 0x0000000082800000|  0%| F|  |TAMS 0x0000000082700000, 0x0000000082700000| Untracked 
|  40|0x0000000082800000, 0x0000000082800000, 0x0000000082900000|  0%| F|  |TAMS 0x0000000082800000, 0x0000000082800000| Untracked 
|  41|0x0000000082900000, 0x0000000082900000, 0x0000000082a00000|  0%| F|  |TAMS 0x0000000082900000, 0x0000000082900000| Untracked 
|  42|0x0000000082a00000, 0x0000000082a00000, 0x0000000082b00000|  0%| F|  |TAMS 0x0000000082a00000, 0x0000000082a00000| Untracked 
|  43|0x0000000082b00000, 0x0000000082b00000, 0x0000000082c00000|  0%| F|  |TAMS 0x0000000082b00000, 0x0000000082b00000| Untracked 
|  44|0x0000000082c00000, 0x0000000082c00000, 0x0000000082d00000|  0%| F|  |TAMS 0x0000000082c00000, 0x0000000082c00000| Untracked 
|  45|0x0000000082d00000, 0x0000000082e00000, 0x0000000082e00000|100%|HS|  |TAMS 0x0000000082d00000, 0x0000000082d00000| Complete 
|  46|0x0000000082e00000, 0x0000000082f00000, 0x0000000082f00000|100%| O|  |TAMS 0x0000000082e00000, 0x0000000082e00000| Untracked 
|  47|0x0000000082f00000, 0x0000000083000000, 0x0000000083000000|100%| O|  |TAMS 0x0000000082f00000, 0x0000000082f00000| Untracked 
|  48|0x0000000083000000, 0x0000000083100000, 0x0000000083100000|100%| O|  |TAMS 0x0000000083000000, 0x0000000083000000| Untracked 
|  49|0x0000000083100000, 0x0000000083200000, 0x0000000083200000|100%| O|  |TAMS 0x0000000083100000, 0x0000000083100000| Untracked 
|  50|0x0000000083200000, 0x0000000083300000, 0x0000000083300000|100%| O|  |TAMS 0x0000000083200000, 0x0000000083200000| Untracked 
|  51|0x0000000083300000, 0x0000000083400000, 0x0000000083400000|100%| O|  |TAMS 0x0000000083300000, 0x0000000083300000| Untracked 
|  52|0x0000000083400000, 0x0000000083500000, 0x0000000083500000|100%| O|  |TAMS 0x0000000083400000, 0x0000000083400000| Untracked 
|  53|0x0000000083500000, 0x0000000083600000, 0x0000000083600000|100%| O|  |TAMS 0x0000000083500000, 0x0000000083500000| Untracked 
|  54|0x0000000083600000, 0x0000000083700000, 0x0000000083700000|100%| O|  |TAMS 0x0000000083600000, 0x0000000083600000| Untracked 
|  55|0x0000000083700000, 0x0000000083700000, 0x0000000083800000|  0%| F|  |TAMS 0x0000000083700000, 0x0000000083700000| Untracked 
|  56|0x0000000083800000, 0x0000000083800000, 0x0000000083900000|  0%| F|  |TAMS 0x0000000083800000, 0x0000000083800000| Untracked 
|  57|0x0000000083900000, 0x0000000083900000, 0x0000000083a00000|  0%| F|  |TAMS 0x0000000083900000, 0x0000000083900000| Untracked 
|  58|0x0000000083a00000, 0x0000000083a00000, 0x0000000083b00000|  0%| F|  |TAMS 0x0000000083a00000, 0x0000000083a00000| Untracked 
|  59|0x0000000083b00000, 0x0000000083b00000, 0x0000000083c00000|  0%| F|  |TAMS 0x0000000083b00000, 0x0000000083b00000| Untracked 
|  60|0x0000000083c00000, 0x0000000083c00000, 0x0000000083d00000|  0%| F|  |TAMS 0x0000000083c00000, 0x0000000083c00000| Untracked 
|  61|0x0000000083d00000, 0x0000000083d00000, 0x0000000083e00000|  0%| F|  |TAMS 0x0000000083d00000, 0x0000000083d00000| Untracked 
|  62|0x0000000083e00000, 0x0000000083e00000, 0x0000000083f00000|  0%| F|  |TAMS 0x0000000083e00000, 0x0000000083e00000| Untracked 
|  63|0x0000000083f00000, 0x0000000083f00000, 0x0000000084000000|  0%| F|  |TAMS 0x0000000083f00000, 0x0000000083f00000| Untracked 
|  64|0x0000000084000000, 0x0000000084000000, 0x0000000084100000|  0%| F|  |TAMS 0x0000000084000000, 0x0000000084000000| Untracked 
|  65|0x0000000084100000, 0x0000000084100000, 0x0000000084200000|  0%| F|  |TAMS 0x0000000084100000, 0x0000000084100000| Untracked 
|  66|0x0000000084200000, 0x0000000084200000, 0x0000000084300000|  0%| F|  |TAMS 0x0000000084200000, 0x0000000084200000| Untracked 
|  67|0x0000000084300000, 0x0000000084300000, 0x0000000084400000|  0%| F|  |TAMS 0x0000000084300000, 0x0000000084300000| Untracked 
|  68|0x0000000084400000, 0x0000000084400000, 0x0000000084500000|  0%| F|  |TAMS 0x0000000084400000, 0x0000000084400000| Untracked 
|  69|0x0000000084500000, 0x0000000084500000, 0x0000000084600000|  0%| F|  |TAMS 0x0000000084500000, 0x0000000084500000| Untracked 
|  70|0x0000000084600000, 0x0000000084600000, 0x0000000084700000|  0%| F|  |TAMS 0x0000000084600000, 0x0000000084600000| Untracked 
|  71|0x0000000084700000, 0x0000000084700000, 0x0000000084800000|  0%| F|  |TAMS 0x0000000084700000, 0x0000000084700000| Untracked 
|  72|0x0000000084800000, 0x0000000084800000, 0x0000000084900000|  0%| F|  |TAMS 0x0000000084800000, 0x0000000084800000| Untracked 
|  73|0x0000000084900000, 0x0000000084900000, 0x0000000084a00000|  0%| F|  |TAMS 0x0000000084900000, 0x0000000084900000| Untracked 
|  74|0x0000000084a00000, 0x0000000084a00000, 0x0000000084b00000|  0%| F|  |TAMS 0x0000000084a00000, 0x0000000084a00000| Untracked 
|  75|0x0000000084b00000, 0x0000000084b00000, 0x0000000084c00000|  0%| F|  |TAMS 0x0000000084b00000, 0x0000000084b00000| Untracked 
|  76|0x0000000084c00000, 0x0000000084c00000, 0x0000000084d00000|  0%| F|  |TAMS 0x0000000084c00000, 0x0000000084c00000| Untracked 
|  77|0x0000000084d00000, 0x0000000084d00000, 0x0000000084e00000|  0%| F|  |TAMS 0x0000000084d00000, 0x0000000084d00000| Untracked 
|  78|0x0000000084e00000, 0x0000000084e00000, 0x0000000084f00000|  0%| F|  |TAMS 0x0000000084e00000, 0x0000000084e00000| Untracked 
|  79|0x0000000084f00000, 0x0000000084f00000, 0x0000000085000000|  0%| F|  |TAMS 0x0000000084f00000, 0x0000000084f00000| Untracked 
|  80|0x0000000085000000, 0x0000000085000000, 0x0000000085100000|  0%| F|  |TAMS 0x0000000085000000, 0x0000000085000000| Untracked 
|  81|0x0000000085100000, 0x0000000085100000, 0x0000000085200000|  0%| F|  |TAMS 0x0000000085100000, 0x0000000085100000| Untracked 
|  82|0x0000000085200000, 0x0000000085200000, 0x0000000085300000|  0%| F|  |TAMS 0x0000000085200000, 0x0000000085200000| Untracked 
|  83|0x0000000085300000, 0x0000000085300000, 0x0000000085400000|  0%| F|  |TAMS 0x0000000085300000, 0x0000000085300000| Untracked 
|  84|0x0000000085400000, 0x0000000085400000, 0x0000000085500000|  0%| F|  |TAMS 0x0000000085400000, 0x0000000085400000| Untracked 
|  85|0x0000000085500000, 0x0000000085500000, 0x0000000085600000|  0%| F|  |TAMS 0x0000000085500000, 0x0000000085500000| Untracked 
|  86|0x0000000085600000, 0x0000000085600000, 0x0000000085700000|  0%| F|  |TAMS 0x0000000085600000, 0x0000000085600000| Untracked 
|  87|0x0000000085700000, 0x0000000085700000, 0x0000000085800000|  0%| F|  |TAMS 0x0000000085700000, 0x0000000085700000| Untracked 
|  88|0x0000000085800000, 0x0000000085800000, 0x0000000085900000|  0%| F|  |TAMS 0x0000000085800000, 0x0000000085800000| Untracked 
|  89|0x0000000085900000, 0x0000000085900000, 0x0000000085a00000|  0%| F|  |TAMS 0x0000000085900000, 0x0000000085900000| Untracked 
|  90|0x0000000085a00000, 0x0000000085a00000, 0x0000000085b00000|  0%| F|  |TAMS 0x0000000085a00000, 0x0000000085a00000| Untracked 
|  91|0x0000000085b00000, 0x0000000085b00000, 0x0000000085c00000|  0%| F|  |TAMS 0x0000000085b00000, 0x0000000085b00000| Untracked 
|  92|0x0000000085c00000, 0x0000000085c00000, 0x0000000085d00000|  0%| F|  |TAMS 0x0000000085c00000, 0x0000000085c00000| Untracked 
|  93|0x0000000085d00000, 0x0000000085d00000, 0x0000000085e00000|  0%| F|  |TAMS 0x0000000085d00000, 0x0000000085d00000| Untracked 
|  94|0x0000000085e00000, 0x0000000085e00000, 0x0000000085f00000|  0%| F|  |TAMS 0x0000000085e00000, 0x0000000085e00000| Untracked 
|  95|0x0000000085f00000, 0x0000000085f00000, 0x0000000086000000|  0%| F|  |TAMS 0x0000000085f00000, 0x0000000085f00000| Untracked 
|  96|0x0000000086000000, 0x0000000086000000, 0x0000000086100000|  0%| F|  |TAMS 0x0000000086000000, 0x0000000086000000| Untracked 
|  97|0x0000000086100000, 0x0000000086100000, 0x0000000086200000|  0%| F|  |TAMS 0x0000000086100000, 0x0000000086100000| Untracked 
|  98|0x0000000086200000, 0x0000000086200000, 0x0000000086300000|  0%| F|  |TAMS 0x0000000086200000, 0x0000000086200000| Untracked 
|  99|0x0000000086300000, 0x0000000086300000, 0x0000000086400000|  0%| F|  |TAMS 0x0000000086300000, 0x0000000086300000| Untracked 
| 100|0x0000000086400000, 0x0000000086400000, 0x0000000086500000|  0%| F|  |TAMS 0x0000000086400000, 0x0000000086400000| Untracked 
| 101|0x0000000086500000, 0x0000000086500000, 0x0000000086600000|  0%| F|  |TAMS 0x0000000086500000, 0x0000000086500000| Untracked 
| 102|0x0000000086600000, 0x0000000086600000, 0x0000000086700000|  0%| F|  |TAMS 0x0000000086600000, 0x0000000086600000| Untracked 
| 103|0x0000000086700000, 0x0000000086700000, 0x0000000086800000|  0%| F|  |TAMS 0x0000000086700000, 0x0000000086700000| Untracked 
| 104|0x0000000086800000, 0x0000000086800000, 0x0000000086900000|  0%| F|  |TAMS 0x0000000086800000, 0x0000000086800000| Untracked 
| 105|0x0000000086900000, 0x0000000086980000, 0x0000000086a00000| 50%| S|CS|TAMS 0x0000000086900000, 0x0000000086900000| Complete 
| 106|0x0000000086a00000, 0x0000000086b00000, 0x0000000086b00000|100%| S|CS|TAMS 0x0000000086a00000, 0x0000000086a00000| Complete 
| 107|0x0000000086b00000, 0x0000000086c00000, 0x0000000086c00000|100%| S|CS|TAMS 0x0000000086b00000, 0x0000000086b00000| Complete 
| 108|0x0000000086c00000, 0x0000000086d00000, 0x0000000086d00000|100%| S|CS|TAMS 0x0000000086c00000, 0x0000000086c00000| Complete 
| 109|0x0000000086d00000, 0x0000000086e00000, 0x0000000086e00000|100%| S|CS|TAMS 0x0000000086d00000, 0x0000000086d00000| Complete 
| 110|0x0000000086e00000, 0x0000000086f00000, 0x0000000086f00000|100%| S|CS|TAMS 0x0000000086e00000, 0x0000000086e00000| Complete 
| 111|0x0000000086f00000, 0x0000000087000000, 0x0000000087000000|100%| S|CS|TAMS 0x0000000086f00000, 0x0000000086f00000| Complete 
| 112|0x0000000087000000, 0x0000000087100000, 0x0000000087100000|100%| S|CS|TAMS 0x0000000087000000, 0x0000000087000000| Complete 
| 113|0x0000000087100000, 0x0000000087200000, 0x0000000087200000|100%| S|CS|TAMS 0x0000000087100000, 0x0000000087100000| Complete 
| 114|0x0000000087200000, 0x0000000087300000, 0x0000000087300000|100%| S|CS|TAMS 0x0000000087200000, 0x0000000087200000| Complete 
| 115|0x0000000087300000, 0x0000000087400000, 0x0000000087400000|100%| S|CS|TAMS 0x0000000087300000, 0x0000000087300000| Complete 
| 116|0x0000000087400000, 0x0000000087400000, 0x0000000087500000|  0%| F|  |TAMS 0x0000000087400000, 0x0000000087400000| Untracked 
| 117|0x0000000087500000, 0x0000000087500000, 0x0000000087600000|  0%| F|  |TAMS 0x0000000087500000, 0x0000000087500000| Untracked 
| 118|0x0000000087600000, 0x0000000087622370, 0x0000000087700000| 13%| E|  |TAMS 0x0000000087600000, 0x0000000087600000| Complete 
| 119|0x0000000087700000, 0x0000000087800000, 0x0000000087800000|100%| E|CS|TAMS 0x0000000087700000, 0x0000000087700000| Complete 
| 120|0x0000000087800000, 0x0000000087900000, 0x0000000087900000|100%| E|CS|TAMS 0x0000000087800000, 0x0000000087800000| Complete 
| 121|0x0000000087900000, 0x0000000087a00000, 0x0000000087a00000|100%| E|CS|TAMS 0x0000000087900000, 0x0000000087900000| Complete 
| 122|0x0000000087a00000, 0x0000000087b00000, 0x0000000087b00000|100%| E|CS|TAMS 0x0000000087a00000, 0x0000000087a00000| Complete 
| 123|0x0000000087b00000, 0x0000000087c00000, 0x0000000087c00000|100%| E|CS|TAMS 0x0000000087b00000, 0x0000000087b00000| Complete 
| 124|0x0000000087c00000, 0x0000000087d00000, 0x0000000087d00000|100%| E|CS|TAMS 0x0000000087c00000, 0x0000000087c00000| Complete 
| 125|0x0000000087d00000, 0x0000000087e00000, 0x0000000087e00000|100%| E|CS|TAMS 0x0000000087d00000, 0x0000000087d00000| Complete 
| 126|0x0000000087e00000, 0x0000000087f00000, 0x0000000087f00000|100%| E|CS|TAMS 0x0000000087e00000, 0x0000000087e00000| Complete 
| 127|0x0000000087f00000, 0x0000000088000000, 0x0000000088000000|100%| E|CS|TAMS 0x0000000087f00000, 0x0000000087f00000| Complete 
| 128|0x0000000088000000, 0x0000000088100000, 0x0000000088100000|100%| E|CS|TAMS 0x0000000088000000, 0x0000000088000000| Complete 
| 129|0x0000000088100000, 0x0000000088200000, 0x0000000088200000|100%| E|CS|TAMS 0x0000000088100000, 0x0000000088100000| Complete 
| 130|0x0000000088200000, 0x0000000088300000, 0x0000000088300000|100%| E|CS|TAMS 0x0000000088200000, 0x0000000088200000| Complete 
| 131|0x0000000088300000, 0x0000000088400000, 0x0000000088400000|100%| E|CS|TAMS 0x0000000088300000, 0x0000000088300000| Complete 
| 132|0x0000000088400000, 0x0000000088500000, 0x0000000088500000|100%| E|CS|TAMS 0x0000000088400000, 0x0000000088400000| Complete 
| 133|0x0000000088500000, 0x0000000088600000, 0x0000000088600000|100%| E|CS|TAMS 0x0000000088500000, 0x0000000088500000| Complete 
| 134|0x0000000088600000, 0x0000000088700000, 0x0000000088700000|100%| E|CS|TAMS 0x0000000088600000, 0x0000000088600000| Complete 
| 135|0x0000000088700000, 0x0000000088800000, 0x0000000088800000|100%| E|CS|TAMS 0x0000000088700000, 0x0000000088700000| Complete 
| 136|0x0000000088800000, 0x0000000088900000, 0x0000000088900000|100%| E|CS|TAMS 0x0000000088800000, 0x0000000088800000| Complete 
| 137|0x0000000088900000, 0x0000000088a00000, 0x0000000088a00000|100%| E|CS|TAMS 0x0000000088900000, 0x0000000088900000| Complete 
| 138|0x0000000088a00000, 0x0000000088b00000, 0x0000000088b00000|100%| E|CS|TAMS 0x0000000088a00000, 0x0000000088a00000| Complete 
| 139|0x0000000088b00000, 0x0000000088c00000, 0x0000000088c00000|100%| E|CS|TAMS 0x0000000088b00000, 0x0000000088b00000| Complete 
| 140|0x0000000088c00000, 0x0000000088d00000, 0x0000000088d00000|100%| E|CS|TAMS 0x0000000088c00000, 0x0000000088c00000| Complete 
| 141|0x0000000088d00000, 0x0000000088e00000, 0x0000000088e00000|100%| E|CS|TAMS 0x0000000088d00000, 0x0000000088d00000| Complete 
| 142|0x0000000088e00000, 0x0000000088f00000, 0x0000000088f00000|100%| E|CS|TAMS 0x0000000088e00000, 0x0000000088e00000| Complete 
| 143|0x0000000088f00000, 0x0000000089000000, 0x0000000089000000|100%| E|CS|TAMS 0x0000000088f00000, 0x0000000088f00000| Complete 
| 144|0x0000000089000000, 0x0000000089100000, 0x0000000089100000|100%| E|CS|TAMS 0x0000000089000000, 0x0000000089000000| Complete 
| 145|0x0000000089100000, 0x0000000089200000, 0x0000000089200000|100%| E|CS|TAMS 0x0000000089100000, 0x0000000089100000| Complete 
| 146|0x0000000089200000, 0x0000000089300000, 0x0000000089300000|100%| E|CS|TAMS 0x0000000089200000, 0x0000000089200000| Complete 
| 147|0x0000000089300000, 0x0000000089400000, 0x0000000089400000|100%| E|CS|TAMS 0x0000000089300000, 0x0000000089300000| Complete 
| 148|0x0000000089400000, 0x0000000089500000, 0x0000000089500000|100%| E|CS|TAMS 0x0000000089400000, 0x0000000089400000| Complete 
| 149|0x0000000089500000, 0x0000000089600000, 0x0000000089600000|100%| E|CS|TAMS 0x0000000089500000, 0x0000000089500000| Complete 
| 150|0x0000000089600000, 0x0000000089700000, 0x0000000089700000|100%| E|CS|TAMS 0x0000000089600000, 0x0000000089600000| Complete 
| 151|0x0000000089700000, 0x0000000089800000, 0x0000000089800000|100%| E|CS|TAMS 0x0000000089700000, 0x0000000089700000| Complete 
| 152|0x0000000089800000, 0x0000000089900000, 0x0000000089900000|100%| E|CS|TAMS 0x0000000089800000, 0x0000000089800000| Complete 
| 153|0x0000000089900000, 0x0000000089a00000, 0x0000000089a00000|100%| E|CS|TAMS 0x0000000089900000, 0x0000000089900000| Complete 
| 154|0x0000000089a00000, 0x0000000089b00000, 0x0000000089b00000|100%| E|CS|TAMS 0x0000000089a00000, 0x0000000089a00000| Complete 
| 155|0x0000000089b00000, 0x0000000089c00000, 0x0000000089c00000|100%| E|CS|TAMS 0x0000000089b00000, 0x0000000089b00000| Complete 
| 156|0x0000000089c00000, 0x0000000089d00000, 0x0000000089d00000|100%| E|CS|TAMS 0x0000000089c00000, 0x0000000089c00000| Complete 
| 157|0x0000000089d00000, 0x0000000089e00000, 0x0000000089e00000|100%| E|CS|TAMS 0x0000000089d00000, 0x0000000089d00000| Complete 
| 158|0x0000000089e00000, 0x0000000089f00000, 0x0000000089f00000|100%| E|CS|TAMS 0x0000000089e00000, 0x0000000089e00000| Complete 
| 159|0x0000000089f00000, 0x000000008a000000, 0x000000008a000000|100%| E|CS|TAMS 0x0000000089f00000, 0x0000000089f00000| Complete 
| 160|0x000000008a000000, 0x000000008a100000, 0x000000008a100000|100%| E|CS|TAMS 0x000000008a000000, 0x000000008a000000| Complete 
| 161|0x000000008a100000, 0x000000008a200000, 0x000000008a200000|100%| E|CS|TAMS 0x000000008a100000, 0x000000008a100000| Complete 
| 162|0x000000008a200000, 0x000000008a300000, 0x000000008a300000|100%| E|CS|TAMS 0x000000008a200000, 0x000000008a200000| Complete 
| 163|0x000000008a300000, 0x000000008a400000, 0x000000008a400000|100%| E|CS|TAMS 0x000000008a300000, 0x000000008a300000| Complete 
| 164|0x000000008a400000, 0x000000008a500000, 0x000000008a500000|100%| E|CS|TAMS 0x000000008a400000, 0x000000008a400000| Complete 
| 165|0x000000008a500000, 0x000000008a600000, 0x000000008a600000|100%| E|CS|TAMS 0x000000008a500000, 0x000000008a500000| Complete 
| 166|0x000000008a600000, 0x000000008a700000, 0x000000008a700000|100%| E|CS|TAMS 0x000000008a600000, 0x000000008a600000| Complete 
| 167|0x000000008a700000, 0x000000008a800000, 0x000000008a800000|100%| E|CS|TAMS 0x000000008a700000, 0x000000008a700000| Complete 
| 168|0x000000008a800000, 0x000000008a900000, 0x000000008a900000|100%| E|CS|TAMS 0x000000008a800000, 0x000000008a800000| Complete 
| 169|0x000000008a900000, 0x000000008aa00000, 0x000000008aa00000|100%| E|CS|TAMS 0x000000008a900000, 0x000000008a900000| Complete 
| 170|0x000000008aa00000, 0x000000008ab00000, 0x000000008ab00000|100%| E|CS|TAMS 0x000000008aa00000, 0x000000008aa00000| Complete 
| 171|0x000000008ab00000, 0x000000008ac00000, 0x000000008ac00000|100%| E|CS|TAMS 0x000000008ab00000, 0x000000008ab00000| Complete 
| 172|0x000000008ac00000, 0x000000008ad00000, 0x000000008ad00000|100%| E|CS|TAMS 0x000000008ac00000, 0x000000008ac00000| Complete 
| 173|0x000000008ad00000, 0x000000008ae00000, 0x000000008ae00000|100%| E|CS|TAMS 0x000000008ad00000, 0x000000008ad00000| Complete 
| 174|0x000000008ae00000, 0x000000008af00000, 0x000000008af00000|100%| E|CS|TAMS 0x000000008ae00000, 0x000000008ae00000| Complete 
| 175|0x000000008af00000, 0x000000008b000000, 0x000000008b000000|100%| E|CS|TAMS 0x000000008af00000, 0x000000008af00000| Complete 
| 176|0x000000008b000000, 0x000000008b100000, 0x000000008b100000|100%| E|CS|TAMS 0x000000008b000000, 0x000000008b000000| Complete 
| 177|0x000000008b100000, 0x000000008b200000, 0x000000008b200000|100%| E|CS|TAMS 0x000000008b100000, 0x000000008b100000| Complete 
| 178|0x000000008b200000, 0x000000008b300000, 0x000000008b300000|100%| E|CS|TAMS 0x000000008b200000, 0x000000008b200000| Complete 
| 179|0x000000008b300000, 0x000000008b400000, 0x000000008b400000|100%| E|CS|TAMS 0x000000008b300000, 0x000000008b300000| Complete 
| 180|0x000000008b400000, 0x000000008b500000, 0x000000008b500000|100%| E|CS|TAMS 0x000000008b400000, 0x000000008b400000| Complete 
| 181|0x000000008b500000, 0x000000008b600000, 0x000000008b600000|100%| E|CS|TAMS 0x000000008b500000, 0x000000008b500000| Complete 
| 182|0x000000008b600000, 0x000000008b700000, 0x000000008b700000|100%| E|CS|TAMS 0x000000008b600000, 0x000000008b600000| Complete 
| 183|0x000000008b700000, 0x000000008b800000, 0x000000008b800000|100%| E|CS|TAMS 0x000000008b700000, 0x000000008b700000| Complete 
| 184|0x000000008b800000, 0x000000008b900000, 0x000000008b900000|100%| E|CS|TAMS 0x000000008b800000, 0x000000008b800000| Complete 
| 185|0x000000008b900000, 0x000000008ba00000, 0x000000008ba00000|100%| E|CS|TAMS 0x000000008b900000, 0x000000008b900000| Complete 
| 186|0x000000008ba00000, 0x000000008bb00000, 0x000000008bb00000|100%| E|CS|TAMS 0x000000008ba00000, 0x000000008ba00000| Complete 
| 187|0x000000008bb00000, 0x000000008bc00000, 0x000000008bc00000|100%| E|CS|TAMS 0x000000008bb00000, 0x000000008bb00000| Complete 
| 188|0x000000008bc00000, 0x000000008bd00000, 0x000000008bd00000|100%| E|CS|TAMS 0x000000008bc00000, 0x000000008bc00000| Complete 
| 189|0x000000008bd00000, 0x000000008be00000, 0x000000008be00000|100%| E|CS|TAMS 0x000000008bd00000, 0x000000008bd00000| Complete 
| 190|0x000000008be00000, 0x000000008bf00000, 0x000000008bf00000|100%| E|CS|TAMS 0x000000008be00000, 0x000000008be00000| Complete 
|2046|0x00000000ffe00000, 0x00000000fff00000, 0x00000000fff00000|100%| O|  |TAMS 0x00000000fff00000, 0x00000000fff00000| Untracked 
|2047|0x00000000fff00000, 0x0000000100000000, 0x0000000100000000|100%| O|  |TAMS 0x0000000100000000, 0x0000000100000000| Untracked 

Card table byte_map: [0x00000119c03b0000,0x00000119c07b0000] _byte_map_base: 0x00000119bffb0000

Marking Bits (Prev, Next): (CMBitMap*) 0x00000119a9446cd0, (CMBitMap*) 0x00000119a9446c90
 Prev Bits: [0x00000119c2bb0000, 0x00000119c4bb0000)
 Next Bits: [0x00000119c0bb0000, 0x00000119c2bb0000)

Polling page: 0x00000119a7320000

Metaspace:

Usage:
  Non-class:     71.07 MB used.
      Class:     10.80 MB used.
       Both:     81.87 MB used.

Virtual space:
  Non-class space:      128.00 MB reserved,      71.44 MB ( 56%) committed,  2 nodes.
      Class space:        1.00 GB reserved,      11.06 MB (  1%) committed,  1 nodes.
             Both:        1.13 GB reserved,      82.50 MB (  7%) committed. 

Chunk freelists:
   Non-Class:  432.00 KB
       Class:  976.00 KB
        Both:  1.38 MB

MaxMetaspaceSize: unlimited
CompressedClassSpaceSize: 1.00 GB
Initial GC threshold: 21.00 MB
Current GC threshold: 98.56 MB
CDS: on
MetaspaceReclaimPolicy: balanced
 - commit_granule_bytes: 65536.
 - commit_granule_words: 8192.
 - virtual_space_node_default_size: 8388608.
 - enlarge_chunks_in_place: 1.
 - new_chunks_are_fully_committed: 0.
 - uncommit_free_chunks: 1.
 - use_allocation_guard: 0.


Internal statistics:

num_allocs_failed_limit: 9.
num_arena_births: 600.
num_arena_deaths: 6.
num_vsnodes_births: 3.
num_vsnodes_deaths: 0.
num_space_committed: 1315.
num_space_uncommitted: 0.
num_chunks_returned_to_freelist: 18.
num_chunks_taken_from_freelist: 4027.
num_chunk_merges: 9.
num_chunk_splits: 2732.
num_chunks_enlarged: 1843.
num_inconsistent_stats: 0.

CodeHeap 'non-profiled nmethods': size=120064Kb used=4536Kb max_used=4665Kb free=115527Kb
 bounds [0x00000119b8a70000, 0x00000119b8f10000, 0x00000119bffb0000]
CodeHeap 'profiled nmethods': size=120000Kb used=18734Kb max_used=19388Kb free=101265Kb
 bounds [0x00000119b1540000, 0x00000119b2840000, 0x00000119b8a70000]
CodeHeap 'non-nmethods': size=5696Kb used=1469Kb max_used=1528Kb free=4226Kb
 bounds [0x00000119b0fb0000, 0x00000119b1220000, 0x00000119b1540000]
 total_blobs=9893 nmethods=9137 adapters=665
 compilation: enabled
              stopped_count=0, restarted_count=0
 full_count=0

Compilation events (20 events):
Event: 21.492 Thread 0x00000119c6d45a00 10794       2       scala.collection.mutable.AnyRefMap::imbalanced (38 bytes)
Event: 21.492 Thread 0x00000119c6d45a00 nmethod 10794 0x00000119b1d08190 code [0x00000119b1d08340, 0x00000119b1d084d8]
Event: 21.493 Thread 0x00000119c6d45a00 10795       2       scala.collection.immutable.Map$Map2::hashCode (139 bytes)
Event: 21.494 Thread 0x00000119c6d45a00 nmethod 10795 0x00000119b1eb7b10 code [0x00000119b1eb7d40, 0x00000119b1eb8548]
Event: 21.497 Thread 0x00000119c6d45a00 10798       2       scala.reflect.internal.Types::defineParentsOfTypeRef (83 bytes)
Event: 21.498 Thread 0x00000119c6d45a00 nmethod 10798 0x00000119b21e9c10 code [0x00000119b21e9e40, 0x00000119b21ea668]
Event: 21.499 Thread 0x00000119c6d45a00 10799   !   2       scala.reflect.internal.Symbols$Symbol::completeTypeParams$1 (176 bytes)
Event: 21.501 Thread 0x00000119c6d45a00 nmethod 10799 0x00000119b1ac9f90 code [0x00000119b1aca280, 0x00000119b1acacd8]
Event: 21.504 Thread 0x00000119c6d45a00 10801       2       scala.collection.immutable.Set$Set3::filterImpl (202 bytes)
Event: 21.505 Thread 0x00000119c6d45a00 nmethod 10801 0x00000119b1aba790 code [0x00000119b1aba9c0, 0x00000119b1abb1e8]
Event: 21.605 Thread 0x00000119c6d45a00 10803       2       scala.collection.Iterator::exists (36 bytes)
Event: 21.605 Thread 0x00000119c6d45a00 nmethod 10803 0x00000119b16ab610 code [0x00000119b16ab7e0, 0x00000119b16aba48]
Event: 21.607 Thread 0x00000119c6d45a00 10804       2       scala.reflect.internal.Types$NoArgsTypeRef::instantiateTypeParams (116 bytes)
Event: 21.610 Thread 0x00000119c6d45a00 nmethod 10804 0x00000119b1581d90 code [0x00000119b15820e0, 0x00000119b1582fb8]
Event: 21.610 Thread 0x00000119c6d45a00 10805       2       scala.tools.nsc.transform.SpecializeTypes::specializeOn$1 (28 bytes)
Event: 21.610 Thread 0x00000119c6d45a00 nmethod 10805 0x00000119b20c9a90 code [0x00000119b20c9c60, 0x00000119b20ca008]
Event: 21.611 Thread 0x00000119c6d45a00 10806       2       scala.reflect.internal.Types$AbstractTypeRef::upperBound$ (5 bytes)
Event: 21.611 Thread 0x00000119c6d45a00 nmethod 10806 0x00000119b1551c10 code [0x00000119b1551dc0, 0x00000119b1551f58]
Event: 21.616 Thread 0x00000119c6d45a00 10807       2       scala.tools.nsc.transform.SpecializeTypes::$anonfun$specializeClass$33 (51 bytes)
Event: 21.616 Thread 0x00000119c6d45a00 nmethod 10807 0x00000119b1ace690 code [0x00000119b1ace8a0, 0x00000119b1acee38]

GC Heap History (20 events):
Event: 10.433 GC heap before
{Heap before GC invocations=13 (full 0):
 garbage-first heap   total 59392K, used 43972K [0x0000000080000000, 0x0000000100000000)
  region size 1024K, 27 young (27648K), 4 survivors (4096K)
 Metaspace       used 56353K, committed 56768K, reserved 1114112K
  class space    used 7466K, committed 7680K, reserved 1048576K
}
Event: 10.459 GC heap after
{Heap after GC invocations=14 (full 0):
 garbage-first heap   total 59392K, used 24937K [0x0000000080000000, 0x0000000100000000)
  region size 1024K, 4 young (4096K), 4 survivors (4096K)
 Metaspace       used 56353K, committed 56768K, reserved 1114112K
  class space    used 7466K, committed 7680K, reserved 1048576K
}
Event: 11.097 GC heap before
{Heap before GC invocations=14 (full 0):
 garbage-first heap   total 59392K, used 43369K [0x0000000080000000, 0x0000000100000000)
  region size 1024K, 23 young (23552K), 4 survivors (4096K)
 Metaspace       used 59073K, committed 59520K, reserved 1114112K
  class space    used 7933K, committed 8128K, reserved 1048576K
}
Event: 11.108 GC heap after
{Heap after GC invocations=15 (full 0):
 garbage-first heap   total 71680K, used 25280K [0x0000000080000000, 0x0000000100000000)
  region size 1024K, 2 young (2048K), 2 survivors (2048K)
 Metaspace       used 59073K, committed 59520K, reserved 1114112K
  class space    used 7933K, committed 8128K, reserved 1048576K
}
Event: 11.294 GC heap before
{Heap before GC invocations=15 (full 0):
 garbage-first heap   total 71680K, used 29376K [0x0000000080000000, 0x0000000100000000)
  region size 1024K, 7 young (7168K), 2 survivors (2048K)
 Metaspace       used 59927K, committed 60416K, reserved 1114112K
  class space    used 8082K, committed 8320K, reserved 1048576K
}
Event: 11.300 GC heap after
{Heap after GC invocations=16 (full 0):
 garbage-first heap   total 71680K, used 25016K [0x0000000080000000, 0x0000000100000000)
  region size 1024K, 2 young (2048K), 2 survivors (2048K)
 Metaspace       used 59927K, committed 60416K, reserved 1114112K
  class space    used 8082K, committed 8320K, reserved 1048576K
}
Event: 12.417 GC heap before
{Heap before GC invocations=17 (full 0):
 garbage-first heap   total 71680K, used 51640K [0x0000000080000000, 0x0000000100000000)
  region size 1024K, 22 young (22528K), 2 survivors (2048K)
 Metaspace       used 63591K, committed 64064K, reserved 1114112K
  class space    used 8600K, committed 8832K, reserved 1048576K
}
Event: 12.425 GC heap after
{Heap after GC invocations=18 (full 0):
 garbage-first heap   total 71680K, used 25997K [0x0000000080000000, 0x0000000100000000)
  region size 1024K, 3 young (3072K), 3 survivors (3072K)
 Metaspace       used 63591K, committed 64064K, reserved 1114112K
  class space    used 8600K, committed 8832K, reserved 1048576K
}
Event: 12.446 GC heap before
{Heap before GC invocations=18 (full 0):
 garbage-first heap   total 71680K, used 30093K [0x0000000080000000, 0x0000000100000000)
  region size 1024K, 4 young (4096K), 3 survivors (3072K)
 Metaspace       used 63596K, committed 64128K, reserved 1114112K
  class space    used 8600K, committed 8832K, reserved 1048576K
}
Event: 12.454 GC heap after
{Heap after GC invocations=19 (full 0):
 garbage-first heap   total 71680K, used 26331K [0x0000000080000000, 0x0000000100000000)
  region size 1024K, 2 young (2048K), 2 survivors (2048K)
 Metaspace       used 63596K, committed 64128K, reserved 1114112K
  class space    used 8600K, committed 8832K, reserved 1048576K
}
Event: 12.482 GC heap before
{Heap before GC invocations=19 (full 0):
 garbage-first heap   total 71680K, used 35547K [0x0000000080000000, 0x0000000100000000)
  region size 1024K, 6 young (6144K), 2 survivors (2048K)
 Metaspace       used 63605K, committed 64128K, reserved 1114112K
  class space    used 8600K, committed 8832K, reserved 1048576K
}
Event: 12.486 GC heap after
{Heap after GC invocations=20 (full 0):
 garbage-first heap   total 71680K, used 32027K [0x0000000080000000, 0x0000000100000000)
  region size 1024K, 2 young (2048K), 2 survivors (2048K)
 Metaspace       used 63605K, committed 64128K, reserved 1114112K
  class space    used 8600K, committed 8832K, reserved 1048576K
}
Event: 12.490 GC heap before
{Heap before GC invocations=20 (full 0):
 garbage-first heap   total 71680K, used 33051K [0x0000000080000000, 0x0000000100000000)
  region size 1024K, 3 young (3072K), 2 survivors (2048K)
 Metaspace       used 63605K, committed 64128K, reserved 1114112K
  class space    used 8600K, committed 8832K, reserved 1048576K
}
Event: 12.494 GC heap after
{Heap after GC invocations=21 (full 0):
 garbage-first heap   total 71680K, used 32011K [0x0000000080000000, 0x0000000100000000)
  region size 1024K, 2 young (2048K), 2 survivors (2048K)
 Metaspace       used 63605K, committed 64128K, reserved 1114112K
  class space    used 8600K, committed 8832K, reserved 1048576K
}
Event: 12.505 GC heap before
{Heap before GC invocations=21 (full 0):
 garbage-first heap   total 71680K, used 34059K [0x0000000080000000, 0x0000000100000000)
  region size 1024K, 4 young (4096K), 2 survivors (2048K)
 Metaspace       used 63606K, committed 64128K, reserved 1114112K
  class space    used 8600K, committed 8832K, reserved 1048576K
}
Event: 12.512 GC heap after
{Heap after GC invocations=22 (full 0):
 garbage-first heap   total 197632K, used 25862K [0x0000000080000000, 0x0000000100000000)
  region size 1024K, 2 young (2048K), 2 survivors (2048K)
 Metaspace       used 63606K, committed 64128K, reserved 1114112K
  class space    used 8600K, committed 8832K, reserved 1048576K
}
Event: 17.098 GC heap before
{Heap before GC invocations=22 (full 0):
 garbage-first heap   total 197632K, used 162054K [0x0000000080000000, 0x0000000100000000)
  region size 1024K, 113 young (115712K), 2 survivors (2048K)
 Metaspace       used 75720K, committed 76224K, reserved 1179648K
  class space    used 10038K, committed 10240K, reserved 1048576K
}
Event: 17.173 GC heap after
{Heap after GC invocations=23 (full 0):
 garbage-first heap   total 197632K, used 49713K [0x0000000080000000, 0x0000000100000000)
  region size 1024K, 15 young (15360K), 15 survivors (15360K)
 Metaspace       used 75720K, committed 76224K, reserved 1179648K
  class space    used 10038K, committed 10240K, reserved 1048576K
}
Event: 19.779 GC heap before
{Heap before GC invocations=23 (full 0):
 garbage-first heap   total 197632K, used 126513K [0x0000000080000000, 0x0000000100000000)
  region size 1024K, 90 young (92160K), 15 survivors (15360K)
 Metaspace       used 80942K, committed 81536K, reserved 1179648K
  class space    used 10703K, committed 11008K, reserved 1048576K
}
Event: 19.842 GC heap after
{Heap after GC invocations=24 (full 0):
 garbage-first heap   total 197632K, used 59557K [0x0000000080000000, 0x0000000100000000)
  region size 1024K, 11 young (11264K), 11 survivors (11264K)
 Metaspace       used 80942K, committed 81536K, reserved 1179648K
  class space    used 10703K, committed 11008K, reserved 1048576K
}

Deoptimization events (20 events):
Event: 21.487 Thread 0x00000119a93e81e0 DEOPT PACKING pc=0x00000119b25d6d16 sp=0x0000000b402fbe30
Event: 21.487 Thread 0x00000119a93e81e0 DEOPT UNPACKING pc=0x00000119b1006763 sp=0x0000000b402fb2f0 mode 0
Event: 21.495 Thread 0x00000119a93e81e0 DEOPT PACKING pc=0x00000119b25d6d16 sp=0x0000000b402fbe30
Event: 21.495 Thread 0x00000119a93e81e0 DEOPT UNPACKING pc=0x00000119b1006763 sp=0x0000000b402fb2f0 mode 0
Event: 21.498 Thread 0x00000119a93e81e0 DEOPT PACKING pc=0x00000119b25d6d16 sp=0x0000000b402fbe30
Event: 21.498 Thread 0x00000119a93e81e0 DEOPT UNPACKING pc=0x00000119b1006763 sp=0x0000000b402fb2f0 mode 0
Event: 21.590 Thread 0x00000119a93e81e0 DEOPT PACKING pc=0x00000119b25d6d16 sp=0x0000000b402fbe30
Event: 21.590 Thread 0x00000119a93e81e0 DEOPT UNPACKING pc=0x00000119b1006763 sp=0x0000000b402fb2f0 mode 0
Event: 21.594 Thread 0x00000119a93e81e0 DEOPT PACKING pc=0x00000119b25d6d16 sp=0x0000000b402fbe30
Event: 21.594 Thread 0x00000119a93e81e0 DEOPT UNPACKING pc=0x00000119b1006763 sp=0x0000000b402fb2f0 mode 0
Event: 21.596 Thread 0x00000119a93e81e0 DEOPT PACKING pc=0x00000119b25d6d16 sp=0x0000000b402fbe30
Event: 21.596 Thread 0x00000119a93e81e0 DEOPT UNPACKING pc=0x00000119b1006763 sp=0x0000000b402fb2f0 mode 0
Event: 21.598 Thread 0x00000119a93e81e0 DEOPT PACKING pc=0x00000119b25d6d16 sp=0x0000000b402fbe30
Event: 21.598 Thread 0x00000119a93e81e0 DEOPT UNPACKING pc=0x00000119b1006763 sp=0x0000000b402fb2f0 mode 0
Event: 21.599 Thread 0x00000119a93e81e0 DEOPT PACKING pc=0x00000119b25d6d16 sp=0x0000000b402fbe30
Event: 21.599 Thread 0x00000119a93e81e0 DEOPT UNPACKING pc=0x00000119b1006763 sp=0x0000000b402fb2f0 mode 0
Event: 21.601 Thread 0x00000119a93e81e0 DEOPT PACKING pc=0x00000119b25d6d16 sp=0x0000000b402fbe30
Event: 21.601 Thread 0x00000119a93e81e0 DEOPT UNPACKING pc=0x00000119b1006763 sp=0x0000000b402fb2f0 mode 0
Event: 21.612 Thread 0x00000119a93e81e0 DEOPT PACKING pc=0x00000119b25d6d16 sp=0x0000000b402fb200
Event: 21.612 Thread 0x00000119a93e81e0 DEOPT UNPACKING pc=0x00000119b1006763 sp=0x0000000b402fa6c0 mode 0

Classes loaded (20 events):
Event: 19.871 Loading class java/io/FileReader
Event: 19.871 Loading class java/io/FileReader done
Event: 19.874 Loading class java/time/DateTimeException
Event: 19.874 Loading class java/time/DateTimeException done
Event: 19.879 Loading class java/security/InvalidParameterException
Event: 19.881 Loading class java/security/InvalidParameterException done
Event: 19.919 Loading class java/util/Stack
Event: 19.921 Loading class java/util/Stack done
Event: 19.943 Loading class java/util/logging/LogRecord
Event: 19.944 Loading class java/util/logging/LogRecord done
Event: 19.950 Loading class java/lang/NoSuchFieldError
Event: 19.950 Loading class java/lang/NoSuchFieldError done
Event: 19.953 Loading class java/util/stream/Nodes$IntFixedNodeBuilder
Event: 19.953 Loading class java/util/stream/Node$Builder$OfInt
Event: 19.953 Loading class java/util/stream/Node$Builder$OfInt done
Event: 19.953 Loading class java/util/stream/Nodes$IntArrayNode
Event: 19.953 Loading class java/util/stream/Nodes$IntArrayNode done
Event: 19.953 Loading class java/util/stream/Nodes$IntFixedNodeBuilder done
Event: 20.024 Loading class java/util/UUID$Holder
Event: 20.024 Loading class java/util/UUID$Holder done

Classes unloaded (3 events):
Event: 11.366 Thread 0x00000119c6cd5c90 Unloading class 0x0000000801311400 'java/lang/invoke/LambdaForm$MH+0x0000000801311400'
Event: 11.366 Thread 0x00000119c6cd5c90 Unloading class 0x0000000801310c00 'java/lang/invoke/LambdaForm$DMH+0x0000000801310c00'
Event: 11.366 Thread 0x00000119c6cd5c90 Unloading class 0x0000000801310400 'java/lang/invoke/LambdaForm$DMH+0x0000000801310400'

Classes redefined (0 events):
No events

Internal exceptions (20 events):
Event: 19.660 Thread 0x00000119d0df2090 Exception <a 'sun/nio/fs/WindowsException'{0x00000000878e0230}> (0x00000000878e0230) 
thrown [s\src\hotspot\share\prims\jni.cpp, line 516]
Event: 19.660 Thread 0x00000119d0df2090 Exception <a 'sun/nio/fs/WindowsException'{0x00000000878e0460}> (0x00000000878e0460) 
thrown [s\src\hotspot\share\prims\jni.cpp, line 516]
Event: 19.660 Thread 0x00000119d0df2090 Exception <a 'sun/nio/fs/WindowsException'{0x00000000878e0ae0}> (0x00000000878e0ae0) 
thrown [s\src\hotspot\share\prims\jni.cpp, line 516]
Event: 19.660 Thread 0x00000119d0df2090 Exception <a 'sun/nio/fs/WindowsException'{0x00000000878e0d08}> (0x00000000878e0d08) 
thrown [s\src\hotspot\share\prims\jni.cpp, line 516]
Event: 19.665 Thread 0x00000119d0df2090 Exception <a 'sun/nio/fs/WindowsException'{0x000000008771ae90}> (0x000000008771ae90) 
thrown [s\src\hotspot\share\prims\jni.cpp, line 516]
Event: 19.671 Thread 0x00000119a93e81e0 Exception <a 'java/lang/NoSuchMethodError'{0x000000008796c3f0}: 'void java.lang.invoke.DirectMethodHandle$Holder.invokeVirtual(java.lang.Object, java.lang.Object)'> (0x000000008796c3f0) 
thrown [s\src\hotspot\share\interpreter\linkResolver.cpp, line 759]
Event: 19.672 Thread 0x00000119a93e81e0 Exception <a 'java/lang/UnsatisfiedLinkError'{0x0000000087971c68}: The specified procedure could not be found.
> (0x0000000087971c68) 
thrown [s\src\hotspot\share\prims\jni.cpp, line 535]
Event: 19.681 Thread 0x00000119a93e81e0 Exception <a 'java/lang/UnsatisfiedLinkError'{0x00000000879733c0}: The specified procedure could not be found.
> (0x00000000879733c0) 
thrown [s\src\hotspot\share\prims\jni.cpp, line 535]
Event: 19.885 Thread 0x00000119d0df5f20 Exception <a 'java/lang/NoSuchMethodError'{0x000000008bc1aed0}: 'int java.lang.invoke.DirectMethodHandle$Holder.invokeStaticInit(java.lang.Object, java.lang.Object, java.lang.Object)'> (0x000000008bc1aed0) 
thrown [s\src\hotspot\share\interpreter\linkResolver.cpp, line 759]
Event: 19.886 Thread 0x00000119d0df5f20 Exception <a 'java/lang/NoSuchMethodError'{0x000000008bc20ee0}: 'int java.lang.invoke.DirectMethodHandle$Holder.invokeVirtual(java.lang.Object, java.lang.Object)'> (0x000000008bc20ee0) 
thrown [s\src\hotspot\share\interpreter\linkResolver.cpp, line 759]
Event: 19.887 Thread 0x00000119d0df5f20 Exception <a 'java/lang/NoSuchMethodError'{0x000000008bc2fc30}: 'void java.lang.invoke.DirectMethodHandle$Holder.invokeSpecial(java.lang.Object, java.lang.Object, java.lang.Object, java.lang.Object, java.lang.Object)'> (0x000000008bc2fc30) 
thrown [s\src\hotspot\share\interpreter\linkResolver.cpp, line 759]
Event: 19.927 Thread 0x00000119d0df5f20 Exception <a 'java/io/FileNotFoundException'{0x000000008bbf4218}> (0x000000008bbf4218) 
thrown [s\src\hotspot\share\prims\jni.cpp, line 516]
Event: 19.952 Thread 0x00000119d0df5f20 Exception <a 'java/lang/NoSuchMethodError'{0x000000008ba61ae8}: 'void java.lang.invoke.DirectMethodHandle$Holder.invokeInterface(java.lang.Object, java.lang.Object, java.lang.Object)'> (0x000000008ba61ae8) 
thrown [s\src\hotspot\share\interpreter\linkResolver.cpp, line 759]
Event: 20.035 Thread 0x00000119a93e81e0 Exception <a 'sun/nio/fs/WindowsException'{0x000000008b699a20}> (0x000000008b699a20) 
thrown [s\src\hotspot\share\prims\jni.cpp, line 516]
Event: 20.277 Thread 0x00000119a93e81e0 Exception <a 'sun/nio/fs/WindowsException'{0x0000000089d2faa8}> (0x0000000089d2faa8) 
thrown [s\src\hotspot\share\prims\jni.cpp, line 516]
Event: 20.279 Thread 0x00000119a93e81e0 Exception <a 'sun/nio/fs/WindowsException'{0x0000000089d3e350}> (0x0000000089d3e350) 
thrown [s\src\hotspot\share\prims\jni.cpp, line 516]
Event: 20.811 Thread 0x00000119a93e81e0 Exception <a 'java/lang/NoSuchMethodError'{0x000000008894fe28}: 'java.lang.Object java.lang.invoke.DirectMethodHandle$Holder.invokeStatic(java.lang.Object, java.lang.Object, java.lang.Object, java.lang.Object, java.lang.Object, java.lang.Object, java.lang.Object, int, java.lang.Object)'> (0x000000008894fe28) 
thrown [s\src\hotspot\share\interpreter\linkResolver.cpp, line 759]
Event: 20.812 Thread 0x00000119a93e81e0 Exception <a 'java/lang/NoSuchMethodError'{0x000000008895c498}: 'java.lang.Object java.lang.invoke.DirectMethodHandle$Holder.newInvokeSpecial(java.lang.Object, java.lang.Object, java.lang.Object, java.lang.Object, java.lang.Object, java.lang.Object, java.lang.Object, int)'> (0x000000008895c498) 
thrown [s\src\hotspot\share\interpreter\linkResolver.cpp, line 759]
Event: 20.812 Thread 0x00000119a93e81e0 Exception <a 'java/lang/NoSuchMethodError'{0x0000000088961ab0}: 'java.lang.Object java.lang.invoke.DirectMethodHandle$Holder.invokeSpecial(java.lang.Object, java.lang.Object, java.lang.Object, java.lang.Object, java.lang.Object, java.lang.Object, java.lang.Object, java.lang.Object, int)'> (0x0000000088961ab0) 
thrown [s\src\hotspot\share\interpreter\linkResolver.cpp, line 759]
Event: 20.813 Thread 0x00000119a93e81e0 Exception <a 'java/lang/NoSuchMethodError'{0x00000000889669c0}: 'java.lang.Object java.lang.invoke.Invokers$Holder.linkToTargetMethod(java.lang.Object, java.lang.Object, java.lang.Object, java.lang.Object, java.lang.Object, java.lang.Object, int, java.lang.Object)'> (0x00000000889669c0) 
thrown [s\src\hotspot\share\interpreter\linkResolver.cpp, line 759]

VM Operations (20 events):
Event: 19.922 Executing VM operation: HandshakeAllThreads
Event: 19.923 Executing VM operation: HandshakeAllThreads done
Event: 20.188 Executing VM operation: ICBufferFull
Event: 20.188 Executing VM operation: ICBufferFull done
Event: 20.231 Executing VM operation: HandshakeAllThreads
Event: 20.231 Executing VM operation: HandshakeAllThreads done
Event: 20.255 Executing VM operation: HandshakeAllThreads
Event: 20.255 Executing VM operation: HandshakeAllThreads done
Event: 20.304 Executing VM operation: HandshakeAllThreads
Event: 20.304 Executing VM operation: HandshakeAllThreads done
Event: 20.409 Executing VM operation: ICBufferFull
Event: 20.410 Executing VM operation: ICBufferFull done
Event: 20.779 Executing VM operation: HandshakeAllThreads
Event: 20.779 Executing VM operation: HandshakeAllThreads done
Event: 20.922 Executing VM operation: ICBufferFull
Event: 20.923 Executing VM operation: ICBufferFull done
Event: 21.076 Executing VM operation: HandshakeAllThreads
Event: 21.076 Executing VM operation: HandshakeAllThreads done
Event: 21.224 Executing VM operation: ICBufferFull
Event: 21.224 Executing VM operation: ICBufferFull done

Events (20 events):
Event: 20.318 Thread 0x00000119c6d67760 flushing nmethod 0x00000119b26bf890
Event: 20.318 Thread 0x00000119c6d67760 flushing nmethod 0x00000119b26c3f90
Event: 20.318 Thread 0x00000119c6d67760 flushing nmethod 0x00000119b26ce290
Event: 20.318 Thread 0x00000119c6d67760 flushing nmethod 0x00000119b26ceb90
Event: 20.318 Thread 0x00000119c6d67760 flushing nmethod 0x00000119b26ef390
Event: 20.318 Thread 0x00000119c6d67760 flushing nmethod 0x00000119b26ef810
Event: 20.318 Thread 0x00000119c6d67760 flushing nmethod 0x00000119b2713f10
Event: 20.318 Thread 0x00000119c6d67760 flushing nmethod 0x00000119b2714690
Event: 20.318 Thread 0x00000119c6d67760 flushing nmethod 0x00000119b271d210
Event: 20.318 Thread 0x00000119c6d67760 flushing nmethod 0x00000119b2727a90
Event: 20.318 Thread 0x00000119c6d67760 flushing nmethod 0x00000119b2736d10
Event: 20.318 Thread 0x00000119c6d67760 flushing nmethod 0x00000119b27aea90
Event: 20.318 Thread 0x00000119c6d67760 flushing nmethod 0x00000119b27aee10
Event: 20.318 Thread 0x00000119c6d67760 flushing nmethod 0x00000119b27af890
Event: 20.318 Thread 0x00000119c6d67760 flushing nmethod 0x00000119b27afc10
Event: 20.318 Thread 0x00000119c6d67760 flushing nmethod 0x00000119b27b0310
Event: 20.318 Thread 0x00000119c6d67760 flushing nmethod 0x00000119b27b0c10
Event: 20.318 Thread 0x00000119c6d67760 flushing nmethod 0x00000119b27b2f90
Event: 20.318 Thread 0x00000119c6d67760 flushing nmethod 0x00000119b27b3d90
Event: 20.318 Thread 0x00000119c6d67760 flushing nmethod 0x00000119b27b4110


Dynamic libraries:
0x00007ff6e8580000 - 0x00007ff6e858d000 	C:\Users\VM_IR_Admin\.jdks\corretto-18.0.2\bin\java.exe
0x00007ffb76c90000 - 0x00007ffb76e88000 	C:\Windows\SYSTEM32\ntdll.dll
0x00007ffb76360000 - 0x00007ffb7641f000 	C:\Windows\System32\KERNEL32.DLL
0x00007ffb74810000 - 0x00007ffb74aea000 	C:\Windows\System32\KERNELBASE.dll
0x00007ffb71860000 - 0x00007ffb718f0000 	C:\Windows\SYSTEM32\apphelp.dll
0x00007ffb74460000 - 0x00007ffb74560000 	C:\Windows\System32\ucrtbase.dll
0x00007ffb71ad0000 - 0x00007ffb71ae7000 	C:\Users\VM_IR_Admin\.jdks\corretto-18.0.2\bin\jli.dll
0x00007ffb74e40000 - 0x00007ffb74fdd000 	C:\Windows\System32\USER32.dll
0x00007ffb74730000 - 0x00007ffb74752000 	C:\Windows\System32\win32u.dll
0x00007ffb766d0000 - 0x00007ffb766fb000 	C:\Windows\System32\GDI32.dll
0x00007ffb74af0000 - 0x00007ffb74c00000 	C:\Windows\System32\gdi32full.dll
0x00007ffb74c50000 - 0x00007ffb74ced000 	C:\Windows\System32\msvcp_win.dll
0x00007ffb6bd60000 - 0x00007ffb6bd75000 	C:\Users\VM_IR_Admin\.jdks\corretto-18.0.2\bin\VCRUNTIME140.dll
0x00007ffb52500000 - 0x00007ffb5279a000 	C:\Windows\WinSxS\amd64_microsoft.windows.common-controls_6595b64144ccf1df_6.0.19041.1110_none_60b5254171f9507e\COMCTL32.dll
0x00007ffb75e40000 - 0x00007ffb75ede000 	C:\Windows\System32\msvcrt.dll
0x00007ffb76c20000 - 0x00007ffb76c50000 	C:\Windows\System32\IMM32.DLL
0x00007ffb66390000 - 0x00007ffb6642b000 	C:\Users\VM_IR_Admin\.jdks\corretto-18.0.2\bin\msvcp140.dll
0x00007ffaf4ac0000 - 0x00007ffaf5731000 	C:\Users\VM_IR_Admin\.jdks\corretto-18.0.2\bin\server\jvm.dll
0x00007ffb75a90000 - 0x00007ffb75b3e000 	C:\Windows\System32\ADVAPI32.dll
0x00007ffb758c0000 - 0x00007ffb7595c000 	C:\Windows\System32\sechost.dll
0x00007ffb75960000 - 0x00007ffb75a86000 	C:\Windows\System32\RPCRT4.dll
0x00007ffb758b0000 - 0x00007ffb758b8000 	C:\Windows\System32\PSAPI.DLL
0x00007ffb6d2b0000 - 0x00007ffb6d2b9000 	C:\Windows\SYSTEM32\WSOCK32.dll
0x00007ffb76240000 - 0x00007ffb762ab000 	C:\Windows\System32\WS2_32.dll
0x00007ffb36d30000 - 0x00007ffb36d57000 	C:\Windows\SYSTEM32\WINMM.dll
0x00007ffb678a0000 - 0x00007ffb678aa000 	C:\Windows\SYSTEM32\VERSION.dll
0x00007ffb71c70000 - 0x00007ffb71c82000 	C:\Windows\SYSTEM32\kernel.appcore.dll
0x00007ffb71b20000 - 0x00007ffb71b2a000 	C:\Users\VM_IR_Admin\.jdks\corretto-18.0.2\bin\jimage.dll
0x00007ffb6e030000 - 0x00007ffb6e214000 	C:\Windows\SYSTEM32\DBGHELP.DLL
0x00007ffb70a50000 - 0x00007ffb70a84000 	C:\Windows\SYSTEM32\dbgcore.DLL
0x00007ffb743d0000 - 0x00007ffb74452000 	C:\Windows\System32\bcryptPrimitives.dll
0x00007ffb6b260000 - 0x00007ffb6b285000 	C:\Users\VM_IR_Admin\.jdks\corretto-18.0.2\bin\java.dll
0x00007ffb286b0000 - 0x00007ffb28786000 	C:\Users\VM_IR_Admin\.jdks\corretto-18.0.2\bin\jsvml.dll
0x00007ffb74fe0000 - 0x00007ffb75724000 	C:\Windows\System32\SHELL32.dll
0x00007ffb72480000 - 0x00007ffb72c13000 	C:\Windows\SYSTEM32\windows.storage.dll
0x00007ffb75ee0000 - 0x00007ffb76234000 	C:\Windows\System32\combase.dll
0x00007ffb73d20000 - 0x00007ffb73d4e000 	C:\Windows\SYSTEM32\Wldp.dll
0x00007ffb762b0000 - 0x00007ffb7635d000 	C:\Windows\System32\SHCORE.dll
0x00007ffb74de0000 - 0x00007ffb74e35000 	C:\Windows\System32\shlwapi.dll
0x00007ffb742e0000 - 0x00007ffb742ff000 	C:\Windows\SYSTEM32\profapi.dll
0x00007ffb6bd40000 - 0x00007ffb6bd53000 	C:\Users\VM_IR_Admin\.jdks\corretto-18.0.2\bin\net.dll
0x00007ffb6a3b0000 - 0x00007ffb6a4ba000 	C:\Windows\SYSTEM32\WINHTTP.dll
0x00007ffb73a80000 - 0x00007ffb73aea000 	C:\Windows\system32\mswsock.dll
0x00007ffb6b2a0000 - 0x00007ffb6b2b5000 	C:\Users\VM_IR_Admin\.jdks\corretto-18.0.2\bin\nio.dll
0x00007ffb66370000 - 0x00007ffb66388000 	C:\Users\VM_IR_Admin\.jdks\corretto-18.0.2\bin\zip.dll
0x00007ffb73c70000 - 0x00007ffb73c88000 	C:\Windows\SYSTEM32\CRYPTSP.dll
0x00007ffb733a0000 - 0x00007ffb733d4000 	C:\Windows\system32\rsaenh.dll
0x00007ffb743a0000 - 0x00007ffb743c7000 	C:\Windows\System32\bcrypt.dll
0x00007ffb74260000 - 0x00007ffb7428e000 	C:\Windows\SYSTEM32\USERENV.dll
0x00007ffb73c90000 - 0x00007ffb73c9c000 	C:\Windows\SYSTEM32\CRYPTBASE.dll
0x00007ffb73770000 - 0x00007ffb737ac000 	C:\Windows\SYSTEM32\IPHLPAPI.DLL
0x00007ffb766c0000 - 0x00007ffb766c8000 	C:\Windows\System32\NSI.dll
0x00007ffb69cb0000 - 0x00007ffb69cc7000 	C:\Windows\SYSTEM32\dhcpcsvc6.DLL
0x00007ffb69ba0000 - 0x00007ffb69bbd000 	C:\Windows\SYSTEM32\dhcpcsvc.DLL
0x00007ffb737b0000 - 0x00007ffb7387b000 	C:\Windows\SYSTEM32\DNSAPI.dll
0x00007ffb6ad20000 - 0x00007ffb6ad60000 	C:\Users\VM_IR_Admin\AppData\Local\Temp\jna--1155235551\jna14216481674239310396.dll
0x00007ffb71d30000 - 0x00007ffb71d39000 	C:\Users\VM_IR_Admin\.jdks\corretto-18.0.2\bin\management.dll
0x00007ffb71d20000 - 0x00007ffb71d2b000 	C:\Users\VM_IR_Admin\.jdks\corretto-18.0.2\bin\management_ext.dll
0x000000006fd00000 - 0x000000006fd07000 	C:\Users\VM_IR_Admin\AppData\Local\Temp\.sbtb8bfdd2e\swoval\swoval-jni\11086493496160869041-swoval-files0.dll

dbghelp: loaded successfully - version: 4.0.5 - missing functions: none
symbol engine: initialized successfully - sym options: 0x614 - pdb path: .;C:\Users\VM_IR_Admin\.jdks\corretto-18.0.2\bin;C:\Windows\SYSTEM32;C:\Windows\WinSxS\amd64_microsoft.windows.common-controls_6595b64144ccf1df_6.0.19041.1110_none_60b5254171f9507e;C:\Users\VM_IR_Admin\.jdks\corretto-18.0.2\bin\server;C:\Users\VM_IR_Admin\AppData\Local\Temp\jna--1155235551;C:\Users\VM_IR_Admin\AppData\Local\Temp\.sbtb8bfdd2e\swoval\swoval-jni

VM Arguments:
jvm_args: -Djline.terminal=jline.UnsupportedTerminal -Dsbt.log.noformat=true -Dfile.encoding=UTF-8 -Didea.managed=true -Dfile.encoding=UTF-8 -Didea.installation.dir=C:\Program Files\JetBrains\IntelliJ IDEA Community Edition 2023.1.1 
java_command: C:/Users/VM_IR_Admin/AppData/Roaming/JetBrains/IdeaIC2023.1/plugins/Scala/launcher/sbt-launch.jar
java_class_path (initial): C:/Users/VM_IR_Admin/AppData/Roaming/JetBrains/IdeaIC2023.1/plugins/Scala/launcher/sbt-launch.jar
Launcher Type: SUN_STANDARD

[Global flags]
     intx CICompilerCount                          = 2                                         {product} {ergonomic}
     uint ConcGCThreads                            = 1                                         {product} {ergonomic}
     uint G1ConcRefinementThreads                  = 2                                         {product} {ergonomic}
   size_t G1HeapRegionSize                         = 1048576                                   {product} {ergonomic}
    uintx GCDrainStackTargetSize                   = 64                                        {product} {ergonomic}
   size_t InitialHeapSize                          = 134217728                                 {product} {ergonomic}
   size_t MarkStackSize                            = 4194304                                   {product} {ergonomic}
   size_t MaxHeapSize                              = 2147483648                                {product} {ergonomic}
   size_t MaxNewSize                               = 1287651328                                {product} {ergonomic}
   size_t MinHeapDeltaBytes                        = 1048576                                   {product} {ergonomic}
   size_t MinHeapSize                              = 8388608                                   {product} {ergonomic}
    uintx NonNMethodCodeHeapSize                   = 5826188                                {pd product} {ergonomic}
    uintx NonProfiledCodeHeapSize                  = 122916026                              {pd product} {ergonomic}
    uintx ProfiledCodeHeapSize                     = 122916026                              {pd product} {ergonomic}
    uintx ReservedCodeCacheSize                    = 251658240                              {pd product} {ergonomic}
     bool SegmentedCodeCache                       = true                                      {product} {ergonomic}
   size_t SoftMaxHeapSize                          = 2147483648                             {manageable} {ergonomic}
     bool UseCompressedClassPointers               = true                           {product lp64_product} {ergonomic}
     bool UseCompressedOops                        = true                           {product lp64_product} {ergonomic}
     bool UseG1GC                                  = true                                      {product} {ergonomic}
     bool UseLargePagesIndividualAllocation        = false                                  {pd product} {ergonomic}

Logging:
Log output configuration:
 #0: stdout all=warning uptime,level,tags foldmultilines=false
 #1: stderr all=off uptime,level,tags foldmultilines=false

Environment Variables:
PATH=C:\Program Files (x86)\Common Files\Oracle\Java\javapath;C:\Windows\system32;C:\Windows;C:\Windows\System32\Wbem;C:\Windows\System32\WindowsPowerShell\v1.0\;C:\Windows\System32\OpenSSH\;C:\Program Files (x86)\scala\bin;C:\Users\VM_IR_Admin\AppData\Local\Microsoft\WindowsApps;C:\Program Files\Java\jre-1.8\bin;C:\Program Files (x86)\scala\bin;
USERNAME=VM_IR_Admin
OS=Windows_NT
PROCESSOR_IDENTIFIER=Intel64 Family 6 Model 85 Stepping 7, GenuineIntel



---------------  S Y S T E M  ---------------

OS:
 Windows 10 , 64 bit Build 19041 (10.0.19041.2788)
OS uptime: 2 days 5:38 hours
Hyper-V virtualization detected

CPU: total 2 (initial active 2) (1 cores per cpu, 2 threads per core) family 6 model 85 stepping 7 microcode 0xffffffff, cx8, cmov, fxsr, ht, mmx, 3dnowpref, sse, sse2, sse3, ssse3, sse4.1, sse4.2, popcnt, lzcnt, tsc, avx, avx2, aes, erms, clmul, bmi1, bmi2, rtm, adx, avx512f, avx512dq, avx512cd, avx512bw, avx512vl, fma, vzeroupper, clflush, clflushopt, hv

Memory: 4k page, system-wide physical 8190M (852M free)
TotalPageFile size 10238M (AvailPageFile size 5M)
current process WorkingSet (physical memory assigned to process): 426M, peak: 426M
current process commit charge ("private bytes"): 458M, peak: 460M

vm_info: OpenJDK 64-Bit Server VM (18.0.2+9-FR) for windows-amd64 JRE (18.0.2+9-FR), built on Jul 15 2022 20:03:03 by "Administrator" with MS VC++ 15.9 (VS2017)

END.
