[debug] > Exec(early(addDefaultCommands), None, None)
[debug] > Exec(addDefaultCommands, None, None)
[debug] > Exec(early(initialize), None, None)
[debug] > Exec(initialize, None, None)
[debug] > Exec(boot, None, None)
[debug] > Exec(writeSbtVersion, None, None)
[debug] > Exec(reload, None, None)
[debug] > Exec(sbtStashOnFailure, None, None)
[debug] > Exec(onFailure loadFailed, None, None)
[debug] > Exec(loadp, None, None)
[info] welcome to sbt 1.8.2 (Amazon.com Inc. Java 18.0.2)
[debug] Load.defaultLoad until apply took 309.6268ms
[debug]           Load.loadUnit: plugins took 364.628ms
[debug]           Load.loadUnit: defsScala took 0.5813ms
[debug] [Loading] Scanning directory C:\Users\VM_IR_Admin\Documents\ScalaParent\ScalaProgramming\BasicPrograms\HelloWorld\project
[debug] [Loading] Found non-root projects 
[debug] [Loading] Done in C:\Users\VM_IR_Admin\Documents\ScalaParent\ScalaProgramming\BasicPrograms\HelloWorld\project, returning: ()
[debug] deducing auto plugins based on known facts Set(Atom(sbt.plugins.CorePlugin)) and clauses Clauses(Clause(Atom(sbt.plugins.JvmPlugin),Set(Atom(sbt.plugins.IvyPlugin)))
[debug] Clause(Atom(sbt.ScriptedPlugin),Set(Atom(sbt.plugins.JvmPlugin)))
[debug] Clause(Atom(sbt.plugins.SbtPlugin),Set(Atom(sbt.ScriptedPlugin)))
[debug] Clause(Atom(sbt.plugins.SemanticdbPlugin),Set(Atom(sbt.plugins.JvmPlugin)))
[debug] Clause(Atom(sbt.plugins.JUnitXmlReportPlugin),Set(Atom(sbt.plugins.JvmPlugin)))
[debug] Clause(Atom(sbt.plugins.MiniDependencyTreePlugin),Set(Atom(sbt.plugins.JvmPlugin)))
[debug] Clause(Atom(sbt.plugins.CorePlugin),Set(Atom(sbt.plugins.IvyPlugin)))
[debug] Clause(Atom(sbt.plugins.IvyPlugin),Set(Atom(sbt.plugins.JvmPlugin)))
[debug] Clause(Atom(sbt.plugins.JvmPlugin),Set(Atom(sbt.plugins.SemanticdbPlugin)))
[debug] Clause(Atom(sbt.plugins.JvmPlugin),Set(Atom(sbt.plugins.JUnitXmlReportPlugin)))
[debug] Clause(Atom(sbt.plugins.CorePlugin),Set(Atom(sbt.plugins.Giter8TemplatePlugin)))
[debug] Clause(Atom(sbt.plugins.JvmPlugin),Set(Atom(sbt.plugins.MiniDependencyTreePlugin))))
[debug]   :: deduced result: Matched(sbt.plugins.CorePlugin,sbt.plugins.Giter8TemplatePlugin,sbt.plugins.IvyPlugin,sbt.plugins.JvmPlugin,sbt.plugins.MiniDependencyTreePlugin,sbt.plugins.JUnitXmlReportPlugin,sbt.plugins.SemanticdbPlugin)
[debug] Plugins.deducer#function took 25.7639 ms
[debug]               Load.resolveProject(helloworld-build) took 65.2181ms
[debug]             Load.loadTransitive: finalizeProject(Project(id helloworld-build, base: C:\Users\VM_IR_Admin\Documents\ScalaParent\ScalaProgramming\BasicPrograms\HelloWorld\project, plugins: List(<none>))) took 154.4899ms
[debug] [Loading] Done in C:\Users\VM_IR_Admin\Documents\ScalaParent\ScalaProgramming\BasicPrograms\HelloWorld\project, returning: (helloworld-build)
[debug]           Load.loadUnit: loadedProjectsRaw took 198.5211ms
[debug]           Load.loadUnit: cleanEvalClasses took 0.366ms
[debug]         Load.loadUnit(file:/C:/Users/VM_IR_Admin/Documents/ScalaParent/ScalaProgramming/BasicPrograms/HelloWorld/project/, ...) took 573.4651ms
[debug]       Load.apply: load took 909.9322ms
[debug]       Load.apply: resolveProjects took 9.7472ms
[debug]       Load.apply: finalTransforms took 128.7833ms
[debug]       Load.apply: config.delegates took 12.5209ms
[debug]       Load.apply: Def.make(settings)... took 1317.2842ms
[debug]       Load.apply: structureIndex took 202.6296ms
[debug]       Load.apply: mkStreams took 2.0303ms
[info] loading project definition from C:\Users\VM_IR_Admin\Documents\ScalaParent\ScalaProgramming\BasicPrograms\HelloWorld\project
[debug] Running task... Cancel: Signal, check cycles: false, forcegc: true
[debug]     Load.loadUnit: plugins took 4954.459ms
[debug]     Load.loadUnit: defsScala took 0.0088ms
[debug] [Loading] Scanning directory C:\Users\VM_IR_Admin\Documents\ScalaParent\ScalaProgramming\BasicPrograms\HelloWorld
[debug]       Load.loadUnit: mkEval took 8.7742ms
[debug] [Loading] Found root project root w/ remaining 
[debug] deducing auto plugins based on known facts Set(Atom(sbt.plugins.CorePlugin)) and clauses Clauses(Clause(Atom(sbt.plugins.JvmPlugin),Set(Atom(sbt.plugins.IvyPlugin)))
[debug] Clause(Atom(sbt.ScriptedPlugin),Set(Atom(sbt.plugins.JvmPlugin)))
[debug] Clause(Atom(sbt.plugins.SbtPlugin),Set(Atom(sbt.ScriptedPlugin)))
[debug] Clause(Atom(sbt.plugins.SemanticdbPlugin),Set(Atom(sbt.plugins.JvmPlugin)))
[debug] Clause(Atom(sbt.plugins.JUnitXmlReportPlugin),Set(Atom(sbt.plugins.JvmPlugin)))
[debug] Clause(Atom(sbt.plugins.MiniDependencyTreePlugin),Set(Atom(sbt.plugins.JvmPlugin)))
[debug] Clause(Atom(sbt.plugins.CorePlugin),Set(Atom(sbt.plugins.IvyPlugin)))
[debug] Clause(Atom(sbt.plugins.IvyPlugin),Set(Atom(sbt.plugins.JvmPlugin)))
[debug] Clause(Atom(sbt.plugins.JvmPlugin),Set(Atom(sbt.plugins.SemanticdbPlugin)))
[debug] Clause(Atom(sbt.plugins.JvmPlugin),Set(Atom(sbt.plugins.JUnitXmlReportPlugin)))
[debug] Clause(Atom(sbt.plugins.CorePlugin),Set(Atom(sbt.plugins.Giter8TemplatePlugin)))
[debug] Clause(Atom(sbt.plugins.JvmPlugin),Set(Atom(sbt.plugins.MiniDependencyTreePlugin))))
[debug]   :: deduced result: Matched(sbt.plugins.CorePlugin,sbt.plugins.Giter8TemplatePlugin,sbt.plugins.IvyPlugin,sbt.plugins.JvmPlugin,sbt.plugins.MiniDependencyTreePlugin,sbt.plugins.JUnitXmlReportPlugin,sbt.plugins.SemanticdbPlugin)
[debug] Plugins.deducer#function took 3.5612 ms
[info] loading settings for project root from build.sbt ...
[debug]         Load.resolveProject(root) took 5.2136ms
[debug]       Load.loadTransitive: finalizeProject(Project(id root, base: C:\Users\VM_IR_Admin\Documents\ScalaParent\ScalaProgramming\BasicPrograms\HelloWorld, plugins: List(<none>))) took 12.5629ms
[debug] [Loading] Done in C:\Users\VM_IR_Admin\Documents\ScalaParent\ScalaProgramming\BasicPrograms\HelloWorld, returning: (root)
[debug]     Load.loadUnit: loadedProjectsRaw took 5736.2751ms
[debug]     Load.loadUnit: cleanEvalClasses took 37.4071ms
[debug]   Load.loadUnit(file:/C:/Users/VM_IR_Admin/Documents/ScalaParent/ScalaProgramming/BasicPrograms/HelloWorld/, ...) took 10730.8931ms
[debug] Load.apply: load took 10786.9999ms
[debug] Load.apply: resolveProjects took 0.1726ms
[debug] Load.apply: finalTransforms took 39.6549ms
[debug] Load.apply: config.delegates took 0.5204ms
[debug] Load.apply: Def.make(settings)... took 259.6982ms
[debug] Load.apply: structureIndex took 52.0271ms
[debug] Load.apply: mkStreams took 0.0042ms
[info] set current project to HelloWorld (in build file:/C:/Users/VM_IR_Admin/Documents/ScalaParent/ScalaProgramming/BasicPrograms/HelloWorld/)
[debug] > Exec(sbtPopOnFailure, None, None)
[debug] > Exec(resumeFromFailure, None, None)
[debug] > Exec(notifyUsersAboutShell, None, None)
[debug] > Exec(iflast shell, None, None)
[debug] > Exec(shell, None, None)
[info] sbt server started at local:sbt-server-351e3efb1bb6864b7c0a
[debug] Writing bsp connection file
[info] started sbt server
